I tensorflow/stream_executor/dso_loader.cc:128] successfully opened CUDA library libcublas.so locally
I tensorflow/stream_executor/dso_loader.cc:128] successfully opened CUDA library libcudnn.so locally
I tensorflow/stream_executor/dso_loader.cc:128] successfully opened CUDA library libcufft.so locally
I tensorflow/stream_executor/dso_loader.cc:128] successfully opened CUDA library libcuda.so.1 locally
I tensorflow/stream_executor/dso_loader.cc:128] successfully opened CUDA library libcurand.so locally
WARNING:tensorflow:tf.op_scope(values, name, default_name) is deprecated, use tf.name_scope(name, default_name, values)
WARNING:tensorflow:tf.op_scope(values, name, default_name) is deprecated, use tf.name_scope(name, default_name, values)
I tensorflow/core/common_runtime/gpu/gpu_device.cc:885] Found device 0 with properties: 
name: GeForce GTX 1080 Ti
major: 6 minor: 1 memoryClockRate (GHz) 1.582
pciBusID 0000:02:00.0
Total memory: 10.92GiB
Free memory: 10.76GiB
I tensorflow/core/common_runtime/gpu/gpu_device.cc:906] DMA: 0 
I tensorflow/core/common_runtime/gpu/gpu_device.cc:916] 0:   Y 
I tensorflow/core/common_runtime/gpu/gpu_device.cc:975] Creating TensorFlow device (/gpu:0) -> (device: 0, name: GeForce GTX 1080 Ti, pci bus id: 0000:02:00.0)
WARNING:tensorflow:From test_model.py:306 in run_training.: __init__ (from tensorflow.python.training.summary_io) is deprecated and will be removed after 2016-11-30.
Instructions for updating:
Please switch to tf.summary.FileWriter. The interface and behavior is the same; this is just a rename.
Load file
Number of words in the encoder vocabulary is 24682
Number of words in the decoder vocabulary is 24682
Test Loss:6.56637823582
2539
the are are
2541
the are are
2543
the are are
2545
the are are
2547
the are are
2549
the are are
2551
the are are
2553
the are are
2555
the are are
2557
the are are
2559
the are are
2539
the are are
2541
the are are
2543
the are are
2545
the are are
2547
the are are
2549
the are are
2551
the are are
2553
the are are
2555
the are are
2557
the are are
2559
the are are
